<?xml version="1.0" encoding="UTF-8"?>
<testsuite xmlns:xsi="http://www.w3.org/2001/XMLSchema-instance" xsi:noNamespaceSchemaLocation="https://maven.apache.org/surefire/maven-surefire-plugin/xsd/surefire-test-report.xsd" version="3.0.2" name="com.safetynet.safetynetalerts.SafetynetAlertsApplicationTests" time="3.265" tests="2" errors="0" skipped="0" failures="0">
  <properties>
[...]
</properties>
  <testcase name="applicationStartsSuccessfully" classname="com.safetynet.safetynetalerts.SafetynetAlertsApplicationTests" time="0.878">
    <system-out><![CDATA[21:33:40.240 [main] INFO org.springframework.test.context.support.AnnotationConfigContextLoaderUtils -- Could not detect default configuration classes for test class [com.safetynet.safetynetalerts.SafetynetAlertsApplicationTests]: SafetynetAlertsApplicationTests does not declare any static, non-private, non-final, nested classes annotated with @Configuration.
21:33:40.304 [main] INFO org.springframework.boot.test.context.SpringBootTestContextBootstrapper -- Found @SpringBootConfiguration com.safetynet.safetynetalerts.SafetynetAlertsApplication for test class com.safetynet.safetynetalerts.SafetynetAlertsApplicationTests
21:33:40.375 [main] INFO org.springframework.boot.devtools.restart.RestartApplicationListener -- Restart disabled due to context in which it is running

  .   ____          _            __ _ _
 /\\ / ___'_ __ _ _(_)_ __  __ _ \ \ \ \
( ( )\___ | '_ | '_| | '_ \/ _` | \ \ \ \
 \\/  ___)| |_)| | | | | || (_| |  ) ) ) )
  '  |____| .__|_| |_|_| |_\__, | / / / /
 =========|_|==============|___/=/_/_/_/

 :: Spring Boot ::                (v3.4.3)

2025-03-04T21:33:40.580+01:00  INFO 64161 --- [SafetyNetAlerts] [           main] c.s.s.SafetynetAlertsApplicationTests    : Starting SafetynetAlertsApplicationTests using Java 21.0.6 with PID 64161 (started by jeremy in /Users/jeremy/Desktop/java/P5/SafetyNetAlerts)
2025-03-04T21:33:40.584+01:00 DEBUG 64161 --- [SafetyNetAlerts] [           main] c.s.s.SafetynetAlertsApplicationTests    : Running with Spring Boot v3.4.3, Spring v6.2.3
2025-03-04T21:33:40.584+01:00  INFO 64161 --- [SafetyNetAlerts] [           main] c.s.s.SafetynetAlertsApplicationTests    : No active profile set, falling back to 1 default profile: "default"
2025-03-04T21:33:41.493+01:00 DEBUG 64161 --- [SafetyNetAlerts] [           main] c.s.s.aspect.LoggingAspect               : 🔶 Entering service: loadFromFile
2025-03-04T21:33:41.500+01:00  INFO 64161 --- [SafetyNetAlerts] [           main] c.s.s.service.JacksonService             : 🟢 Data loaded from file: src/main/resources/data/data.json
2025-03-04T21:33:41.501+01:00 DEBUG 64161 --- [SafetyNetAlerts] [           main] c.s.s.aspect.LoggingAspect               : 🔷 Exiting service: loadFromFile
2025-03-04T21:33:41.501+01:00 DEBUG 64161 --- [SafetyNetAlerts] [           main] c.s.s.aspect.LoggingAspect               : 🚀 Method loadFromFile executed in 8 ms
2025-03-04T21:33:41.501+01:00  INFO 64161 --- [SafetyNetAlerts] [           main] c.s.s.config.JacksonConfig               : 🟢 Successfully loaded JSON data from file
2025-03-04T21:33:42.489+01:00  INFO 64161 --- [SafetyNetAlerts] [           main] o.s.b.a.e.web.EndpointLinksResolver      : Exposing 1 endpoint beneath base path '/actuator'
2025-03-04T21:33:42.545+01:00  INFO 64161 --- [SafetyNetAlerts] [           main] c.s.s.SafetynetAlertsApplicationTests    : Started SafetynetAlertsApplicationTests in 2.178 seconds (process running for 5.583)
2025-03-04T21:33:42.599+01:00  INFO 64161 --- [SafetyNetAlerts] [           main] c.s.s.SafetynetAlertsApplication         : Application started 🚀
2025-03-04T21:33:42.601+01:00  INFO 64161 --- [SafetyNetAlerts] [           main] o.s.b.d.r.RestartApplicationListener     : Restart disabled due to context in which it is running

  .   ____          _            __ _ _
 /\\ / ___'_ __ _ _(_)_ __  __ _ \ \ \ \
( ( )\___ | '_ | '_| | '_ \/ _` | \ \ \ \
 \\/  ___)| |_)| | | | | || (_| |  ) ) ) )
  '  |____| .__|_| |_|_| |_\__, | / / / /
 =========|_|==============|___/=/_/_/_/

 :: Spring Boot ::                (v3.4.3)

2025-03-04T21:33:42.622+01:00  INFO 64161 --- [SafetyNetAlerts] [           main] c.s.s.SafetynetAlertsApplication         : Starting SafetynetAlertsApplication using Java 21.0.6 with PID 64161 (started by jeremy in /Users/jeremy/Desktop/java/P5/SafetyNetAlerts)
2025-03-04T21:33:42.622+01:00 DEBUG 64161 --- [SafetyNetAlerts] [           main] c.s.s.SafetynetAlertsApplication         : Running with Spring Boot v3.4.3, Spring v6.2.3
2025-03-04T21:33:42.622+01:00  INFO 64161 --- [SafetyNetAlerts] [           main] c.s.s.SafetynetAlertsApplication         : No active profile set, falling back to 1 default profile: "default"
2025-03-04T21:33:42.930+01:00  INFO 64161 --- [SafetyNetAlerts] [           main] o.s.b.w.embedded.tomcat.TomcatWebServer  : Tomcat initialized with port 8080 (http)
2025-03-04T21:33:42.971+01:00  INFO 64161 --- [SafetyNetAlerts] [           main] w.s.c.ServletWebServerApplicationContext : Root WebApplicationContext: initialization completed in 348 ms
2025-03-04T21:33:43.116+01:00 DEBUG 64161 --- [SafetyNetAlerts] [           main] c.s.s.aspect.LoggingAspect               : 🔶 Entering service: loadFromFile
2025-03-04T21:33:43.120+01:00  INFO 64161 --- [SafetyNetAlerts] [           main] c.s.s.service.JacksonService             : 🟢 Data loaded from file: src/main/resources/data/data.json
2025-03-04T21:33:43.120+01:00 DEBUG 64161 --- [SafetyNetAlerts] [           main] c.s.s.aspect.LoggingAspect               : 🔷 Exiting service: loadFromFile
2025-03-04T21:33:43.120+01:00 DEBUG 64161 --- [SafetyNetAlerts] [           main] c.s.s.aspect.LoggingAspect               : 🚀 Method loadFromFile executed in 4 ms
2025-03-04T21:33:43.120+01:00  INFO 64161 --- [SafetyNetAlerts] [           main] c.s.s.config.JacksonConfig               : 🟢 Successfully loaded JSON data from file
2025-03-04T21:33:43.432+01:00  INFO 64161 --- [SafetyNetAlerts] [           main] o.s.b.a.e.web.EndpointLinksResolver      : Exposing 1 endpoint beneath base path '/actuator'
2025-03-04T21:33:43.464+01:00  INFO 64161 --- [SafetyNetAlerts] [           main] o.s.b.w.embedded.tomcat.TomcatWebServer  : Tomcat started on port 8080 (http) with context path '/'
2025-03-04T21:33:43.468+01:00  INFO 64161 --- [SafetyNetAlerts] [           main] c.s.s.SafetynetAlertsApplication         : Started SafetynetAlertsApplication in 0.868 seconds (process running for 6.506)
]]></system-out>
  </testcase>
  <testcase name="contextLoads" classname="com.safetynet.safetynetalerts.SafetynetAlertsApplicationTests" time="0.002"/>
</testsuite>